38 136 24.29% votes=[6, 0, 16, 21, 26, 31, 36, 0, 0, 0] electors=[3, 0, 5, 6, 7, 8, 9, 0, 0, 0]
38 136 24.29% votes=[6, 11, 0, 21, 26, 31, 0, 41, 0, 0] electors=[3, 4, 0, 6, 7, 8, 0, 10, 0, 0]
38 136 24.29% votes=[6, 11, 16, 0, 26, 0, 36, 41, 0, 0] electors=[3, 4, 5, 0, 7, 0, 9, 10, 0, 0]
38 136 24.29% votes=[6, 11, 16, 0, 26, 31, 0, 0, 46, 0] electors=[3, 4, 5, 0, 7, 8, 0, 0, 11, 0]
38 136 24.29% votes=[6, 11, 16, 21, 0, 0, 36, 0, 46, 0] electors=[3, 4, 5, 6, 0, 0, 9, 0, 11, 0]
38 136 24.29% votes=[6, 11, 16, 21, 0, 31, 0, 0, 0, 51] electors=[3, 4, 5, 6, 0, 8, 0, 0, 0, 12]

39 141 25.18% votes=[0, 11, 16, 21, 26, 31, 36, 0, 0, 0] electors=[0, 4, 5, 6, 7, 8, 9, 0, 0, 0]
39 141 25.18% votes=[6, 0, 16, 21, 26, 31, 0, 41, 0, 0] electors=[3, 0, 5, 6, 7, 8, 0, 10, 0, 0]
39 141 25.18% votes=[6, 11, 0, 21, 26, 0, 36, 41, 0, 0] electors=[3, 4, 0, 6, 7, 0, 9, 10, 0, 0]
39 141 25.18% votes=[6, 11, 0, 21, 26, 31, 0, 0, 46, 0] electors=[3, 4, 0, 6, 7, 8, 0, 0, 11, 0]
39 141 25.18% votes=[6, 11, 16, 0, 0, 31, 36, 41, 0, 0] electors=[3, 4, 5, 0, 0, 8, 9, 10, 0, 0]
39 141 25.18% votes=[6, 11, 16, 0, 26, 0, 36, 0, 46, 0] electors=[3, 4, 5, 0, 7, 0, 9, 0, 11, 0]
39 141 25.18% votes=[6, 11, 16, 0, 26, 31, 0, 0, 0, 51] electors=[3, 4, 5, 0, 7, 8, 0, 0, 0, 12]
39 141 25.18% votes=[6, 11, 16, 21, 0, 0, 0, 41, 46, 0] electors=[3, 4, 5, 6, 0, 0, 0, 10, 11, 0]
39 141 25.18% votes=[6, 11, 16, 21, 0, 0, 36, 0, 0, 51] electors=[3, 4, 5, 6, 0, 0, 9, 0, 0, 12]
38 145 25.89% votes=[0, 0, 16, 21, 0, 31, 36, 41, 0, 0] electors=[0, 0, 5, 6, 0, 8, 9, 10, 0, 0]
38 145 25.89% votes=[0, 0, 16, 21, 26, 0, 36, 0, 46, 0] electors=[0, 0, 5, 6, 7, 0, 9, 0, 11, 0]
38 145 25.89% votes=[0, 0, 16, 21, 26, 31, 0, 0, 0, 51] electors=[0, 0, 5, 6, 7, 8, 0, 0, 0, 12]
38 145 25.89% votes=[0, 11, 0, 0, 26, 31, 36, 41, 0, 0] electors=[0, 4, 0, 0, 7, 8, 9, 10, 0, 0]
38 145 25.89% votes=[0, 11, 0, 21, 0, 31, 36, 0, 46, 0] electors=[0, 4, 0, 6, 0, 8, 9, 0, 11, 0]
38 145 25.89% votes=[0, 11, 0, 21, 26, 0, 0, 41, 46, 0] electors=[0, 4, 0, 6, 7, 0, 0, 10, 11, 0]
38 145 25.89% votes=[0, 11, 0, 21, 26, 0, 36, 0, 0, 51] electors=[0, 4, 0, 6, 7, 0, 9, 0, 0, 12]
38 145 25.89% votes=[0, 11, 16, 0, 0, 31, 0, 41, 46, 0] electors=[0, 4, 5, 0, 0, 8, 0, 10, 11, 0]
38 145 25.89% votes=[0, 11, 16, 0, 0, 31, 36, 0, 0, 51] electors=[0, 4, 5, 0, 0, 8, 9, 0, 0, 12]
38 145 25.89% votes=[0, 11, 16, 0, 26, 0, 0, 41, 0, 51] electors=[0, 4, 5, 0, 7, 0, 0, 10, 0, 12]
38 145 25.89% votes=[0, 11, 16, 21, 0, 0, 0, 0, 46, 51] electors=[0, 4, 5, 6, 0, 0, 0, 0, 11, 12]
38 145 25.89% votes=[6, 0, 0, 0, 26, 31, 36, 0, 46, 0] electors=[3, 0, 0, 0, 7, 8, 9, 0, 11, 0]
38 145 25.89% votes=[6, 0, 0, 21, 0, 31, 0, 41, 46, 0] electors=[3, 0, 0, 6, 0, 8, 0, 10, 11, 0]
38 145 25.89% votes=[6, 0, 0, 21, 0, 31, 36, 0, 0, 51] electors=[3, 0, 0, 6, 0, 8, 9, 0, 0, 12]
38 145 25.89% votes=[6, 0, 0, 21, 26, 0, 0, 41, 0, 51] electors=[3, 0, 0, 6, 7, 0, 0, 10, 0, 12]
38 145 25.89% votes=[6, 0, 16, 0, 0, 0, 36, 41, 46, 0] electors=[3, 0, 5, 0, 0, 0, 9, 10, 11, 0]
38 145 25.89% votes=[6, 0, 16, 0, 0, 31, 0, 41, 0, 51] electors=[3, 0, 5, 0, 0, 8, 0, 10, 0, 12]
38 145 25.89% votes=[6, 0, 16, 0, 26, 0, 0, 0, 46, 51] electors=[3, 0, 5, 0, 7, 0, 0, 0, 11, 12]
38 145 25.89% votes=[6, 11, 0, 0, 0, 0, 36, 41, 0, 51] electors=[3, 4, 0, 0, 0, 0, 9, 10, 0, 12]
38 145 25.89% votes=[6, 11, 0, 0, 0, 31, 0, 0, 46, 51] electors=[3, 4, 0, 0, 0, 8, 0, 0, 11, 12]
40 146 26.07% votes=[0, 11, 16, 21, 26, 31, 0, 41, 0, 0] electors=[0, 4, 5, 6, 7, 8, 0, 10, 0, 0]
40 146 26.07% votes=[6, 0, 16, 21, 26, 0, 36, 41, 0, 0] electors=[3, 0, 5, 6, 7, 0, 9, 10, 0, 0]
40 146 26.07% votes=[6, 0, 16, 21, 26, 31, 0, 0, 46, 0] electors=[3, 0, 5, 6, 7, 8, 0, 0, 11, 0]
40 146 26.07% votes=[6, 11, 0, 21, 0, 31, 36, 41, 0, 0] electors=[3, 4, 0, 6, 0, 8, 9, 10, 0, 0]
40 146 26.07% votes=[6, 11, 0, 21, 26, 0, 36, 0, 46, 0] electors=[3, 4, 0, 6, 7, 0, 9, 0, 11, 0]
40 146 26.07% votes=[6, 11, 0, 21, 26, 31, 0, 0, 0, 51] electors=[3, 4, 0, 6, 7, 8, 0, 0, 0, 12]
40 146 26.07% votes=[6, 11, 16, 0, 0, 31, 36, 0, 46, 0] electors=[3, 4, 5, 0, 0, 8, 9, 0, 11, 0]
40 146 26.07% votes=[6, 11, 16, 0, 26, 0, 0, 41, 46, 0] electors=[3, 4, 5, 0, 7, 0, 0, 10, 11, 0]
40 146 26.07% votes=[6, 11, 16, 0, 26, 0, 36, 0, 0, 51] electors=[3, 4, 5, 0, 7, 0, 9, 0, 0, 12]
40 146 26.07% votes=[6, 11, 16, 21, 0, 0, 0, 41, 0, 51] electors=[3, 4, 5, 6, 0, 0, 0, 10, 0, 12]
42 147 26.25% votes=[6, 11, 16, 21, 26, 31, 36, 0, 0, 0] electors=[3, 4, 5, 6, 7, 8, 9, 0, 0, 0]
39 150 26.79% votes=[0, 0, 16, 0, 26, 31, 36, 41, 0, 0] electors=[0, 0, 5, 0, 7, 8, 9, 10, 0, 0]
39 150 26.79% votes=[0, 0, 16, 21, 0, 31, 36, 0, 46, 0] electors=[0, 0, 5, 6, 0, 8, 9, 0, 11, 0]
39 150 26.79% votes=[0, 0, 16, 21, 26, 0, 0, 41, 46, 0] electors=[0, 0, 5, 6, 7, 0, 0, 10, 11, 0]
39 150 26.79% votes=[0, 0, 16, 21, 26, 0, 36, 0, 0, 51] electors=[0, 0, 5, 6, 7, 0, 9, 0, 0, 12]
39 150 26.79% votes=[0, 11, 0, 0, 26, 31, 36, 0, 46, 0] electors=[0, 4, 0, 0, 7, 8, 9, 0, 11, 0]
39 150 26.79% votes=[0, 11, 0, 21, 0, 31, 0, 41, 46, 0] electors=[0, 4, 0, 6, 0, 8, 0, 10, 11, 0]
39 150 26.79% votes=[0, 11, 0, 21, 0, 31, 36, 0, 0, 51] electors=[0, 4, 0, 6, 0, 8, 9, 0, 0, 12]
39 150 26.79% votes=[0, 11, 0, 21, 26, 0, 0, 41, 0, 51] electors=[0, 4, 0, 6, 7, 0, 0, 10, 0, 12]
39 150 26.79% votes=[0, 11, 16, 0, 0, 0, 36, 41, 46, 0] electors=[0, 4, 5, 0, 0, 0, 9, 10, 11, 0]
39 150 26.79% votes=[0, 11, 16, 0, 0, 31, 0, 41, 0, 51] electors=[0, 4, 5, 0, 0, 8, 0, 10, 0, 12]
39 150 26.79% votes=[0, 11, 16, 0, 26, 0, 0, 0, 46, 51] electors=[0, 4, 5, 0, 7, 0, 0, 0, 11, 12]
39 150 26.79% votes=[6, 0, 0, 0, 26, 31, 0, 41, 46, 0] electors=[3, 0, 0, 0, 7, 8, 0, 10, 11, 0]
39 150 26.79% votes=[6, 0, 0, 0, 26, 31, 36, 0, 0, 51] electors=[3, 0, 0, 0, 7, 8, 9, 0, 0, 12]
39 150 26.79% votes=[6, 0, 0, 21, 0, 0, 36, 41, 46, 0] electors=[3, 0, 0, 6, 0, 0, 9, 10, 11, 0]
39 150 26.79% votes=[6, 0, 0, 21, 0, 31, 0, 41, 0, 51] electors=[3, 0, 0, 6, 0, 8, 0, 10, 0, 12]
39 150 26.79% votes=[6, 0, 0, 21, 26, 0, 0, 0, 46, 51] electors=[3, 0, 0, 6, 7, 0, 0, 0, 11, 12]
39 150 26.79% votes=[6, 0, 16, 0, 0, 0, 36, 41, 0, 51] electors=[3, 0, 5, 0, 0, 0, 9, 10, 0, 12]
39 150 26.79% votes=[6, 0, 16, 0, 0, 31, 0, 0, 46, 51] electors=[3, 0, 5, 0, 0, 8, 0, 0, 11, 12]
39 150 26.79% votes=[6, 11, 0, 0, 0, 0, 36, 0, 46, 51] electors=[3, 4, 0, 0, 0, 0, 9, 0, 11, 12]
41 151 26.96% votes=[0, 11, 16, 21, 26, 0, 36, 41, 0, 0] electors=[0, 4, 5, 6, 7, 0, 9, 10, 0, 0]
41 151 26.96% votes=[0, 11, 16, 21, 26, 31, 0, 0, 46, 0] electors=[0, 4, 5, 6, 7, 8, 0, 0, 11, 0]
41 151 26.96% votes=[6, 0, 16, 21, 0, 31, 36, 41, 0, 0] electors=[3, 0, 5, 6, 0, 8, 9, 10, 0, 0]
41 151 26.96% votes=[6, 0, 16, 21, 26, 0, 36, 0, 46, 0] electors=[3, 0, 5, 6, 7, 0, 9, 0, 11, 0]
41 151 26.96% votes=[6, 0, 16, 21, 26, 31, 0, 0, 0, 51] electors=[3, 0, 5, 6, 7, 8, 0, 0, 0, 12]
41 151 26.96% votes=[6, 11, 0, 0, 26, 31, 36, 41, 0, 0] electors=[3, 4, 0, 0, 7, 8, 9, 10, 0, 0]
41 151 26.96% votes=[6, 11, 0, 21, 0, 31, 36, 0, 46, 0] electors=[3, 4, 0, 6, 0, 8, 9, 0, 11, 0]
41 151 26.96% votes=[6, 11, 0, 21, 26, 0, 0, 41, 46, 0] electors=[3, 4, 0, 6, 7, 0, 0, 10, 11, 0]
41 151 26.96% votes=[6, 11, 0, 21, 26, 0, 36, 0, 0, 51] electors=[3, 4, 0, 6, 7, 0, 9, 0, 0, 12]
41 151 26.96% votes=[6, 11, 16, 0, 0, 31, 0, 41, 46, 0] electors=[3, 4, 5, 0, 0, 8, 0, 10, 11, 0]
41 151 26.96% votes=[6, 11, 16, 0, 0, 31, 36, 0, 0, 51] electors=[3, 4, 5, 0, 0, 8, 9, 0, 0, 12]
41 151 26.96% votes=[6, 11, 16, 0, 26, 0, 0, 41, 0, 51] electors=[3, 4, 5, 0, 7, 0, 0, 10, 0, 12]
41 151 26.96% votes=[6, 11, 16, 21, 0, 0, 0, 0, 46, 51] electors=[3, 4, 5, 6, 0, 0, 0, 0, 11, 12]
43 152 27.14% votes=[6, 11, 16, 21, 26, 31, 0, 41, 0, 0] electors=[3, 4, 5, 6, 7, 8, 0, 10, 0, 0]
38 154 27.50% votes=[0, 0, 0, 0, 0, 31, 36, 41, 46, 0] electors=[0, 0, 0, 0, 0, 8, 9, 10, 11, 0]
38 154 27.50% votes=[0, 0, 0, 0, 26, 0, 36, 41, 0, 51] electors=[0, 0, 0, 0, 7, 0, 9, 10, 0, 12]
38 154 27.50% votes=[0, 0, 0, 0, 26, 31, 0, 0, 46, 51] electors=[0, 0, 0, 0, 7, 8, 0, 0, 11, 12]
38 154 27.50% votes=[0, 0, 0, 21, 0, 0, 36, 0, 46, 51] electors=[0, 0, 0, 6, 0, 0, 9, 0, 11, 12]
38 154 27.50% votes=[0, 0, 16, 0, 0, 0, 0, 41, 46, 51] electors=[0, 0, 5, 0, 0, 0, 0, 10, 11, 12]
40 155 27.68% votes=[0, 0, 0, 21, 26, 31, 36, 41, 0, 0] electors=[0, 0, 0, 6, 7, 8, 9, 10, 0, 0]
40 155 27.68% votes=[0, 0, 16, 0, 26, 31, 36, 0, 46, 0] electors=[0, 0, 5, 0, 7, 8, 9, 0, 11, 0]
40 155 27.68% votes=[0, 0, 16, 21, 0, 31, 0, 41, 46, 0] electors=[0, 0, 5, 6, 0, 8, 0, 10, 11, 0]
40 155 27.68% votes=[0, 0, 16, 21, 0, 31, 36, 0, 0, 51] electors=[0, 0, 5, 6, 0, 8, 9, 0, 0, 12]
40 155 27.68% votes=[0, 0, 16, 21, 26, 0, 0, 41, 0, 51] electors=[0, 0, 5, 6, 7, 0, 0, 10, 0, 12]
40 155 27.68% votes=[0, 11, 0, 0, 26, 31, 0, 41, 46, 0] electors=[0, 4, 0, 0, 7, 8, 0, 10, 11, 0]
40 155 27.68% votes=[0, 11, 0, 0, 26, 31, 36, 0, 0, 51] electors=[0, 4, 0, 0, 7, 8, 9, 0, 0, 12]
40 155 27.68% votes=[0, 11, 0, 21, 0, 0, 36, 41, 46, 0] electors=[0, 4, 0, 6, 0, 0, 9, 10, 11, 0]
40 155 27.68% votes=[0, 11, 0, 21, 0, 31, 0, 41, 0, 51] electors=[0, 4, 0, 6, 0, 8, 0, 10, 0, 12]
40 155 27.68% votes=[0, 11, 0, 21, 26, 0, 0, 0, 46, 51] electors=[0, 4, 0, 6, 7, 0, 0, 0, 11, 12]
40 155 27.68% votes=[0, 11, 16, 0, 0, 0, 36, 41, 0, 51] electors=[0, 4, 5, 0, 0, 0, 9, 10, 0, 12]
40 155 27.68% votes=[0, 11, 16, 0, 0, 31, 0, 0, 46, 51] electors=[0, 4, 5, 0, 0, 8, 0, 0, 11, 12]
40 155 27.68% votes=[6, 0, 0, 0, 26, 0, 36, 41, 46, 0] electors=[3, 0, 0, 0, 7, 0, 9, 10, 11, 0]
40 155 27.68% votes=[6, 0, 0, 0, 26, 31, 0, 41, 0, 51] electors=[3, 0, 0, 0, 7, 8, 0, 10, 0, 12]
40 155 27.68% votes=[6, 0, 0, 21, 0, 0, 36, 41, 0, 51] electors=[3, 0, 0, 6, 0, 0, 9, 10, 0, 12]
40 155 27.68% votes=[6, 0, 0, 21, 0, 31, 0, 0, 46, 51] electors=[3, 0, 0, 6, 0, 8, 0, 0, 11, 12]
40 155 27.68% votes=[6, 0, 16, 0, 0, 0, 36, 0, 46, 51] electors=[3, 0, 5, 0, 0, 0, 9, 0, 11, 12]
40 155 27.68% votes=[6, 11, 0, 0, 0, 0, 0, 41, 46, 51] electors=[3, 4, 0, 0, 0, 0, 0, 10, 11, 12]
42 156 27.86% votes=[0, 11, 16, 21, 0, 31, 36, 41, 0, 0] electors=[0, 4, 5, 6, 0, 8, 9, 10, 0, 0]
42 156 27.86% votes=[0, 11, 16, 21, 26, 0, 36, 0, 46, 0] electors=[0, 4, 5, 6, 7, 0, 9, 0, 11, 0]
42 156 27.86% votes=[0, 11, 16, 21, 26, 31, 0, 0, 0, 51] electors=[0, 4, 5, 6, 7, 8, 0, 0, 0, 12]
42 156 27.86% votes=[6, 0, 16, 0, 26, 31, 36, 41, 0, 0] electors=[3, 0, 5, 0, 7, 8, 9, 10, 0, 0]
42 156 27.86% votes=[6, 0, 16, 21, 0, 31, 36, 0, 46, 0] electors=[3, 0, 5, 6, 0, 8, 9, 0, 11, 0]
42 156 27.86% votes=[6, 0, 16, 21, 26, 0, 0, 41, 46, 0] electors=[3, 0, 5, 6, 7, 0, 0, 10, 11, 0]
42 156 27.86% votes=[6, 0, 16, 21, 26, 0, 36, 0, 0, 51] electors=[3, 0, 5, 6, 7, 0, 9, 0, 0, 12]
42 156 27.86% votes=[6, 11, 0, 0, 26, 31, 36, 0, 46, 0] electors=[3, 4, 0, 0, 7, 8, 9, 0, 11, 0]
42 156 27.86% votes=[6, 11, 0, 21, 0, 31, 0, 41, 46, 0] electors=[3, 4, 0, 6, 0, 8, 0, 10, 11, 0]
42 156 27.86% votes=[6, 11, 0, 21, 0, 31, 36, 0, 0, 51] electors=[3, 4, 0, 6, 0, 8, 9, 0, 0, 12]
42 156 27.86% votes=[6, 11, 0, 21, 26, 0, 0, 41, 0, 51] electors=[3, 4, 0, 6, 7, 0, 0, 10, 0, 12]
42 156 27.86% votes=[6, 11, 16, 0, 0, 0, 36, 41, 46, 0] electors=[3, 4, 5, 0, 0, 0, 9, 10, 11, 0]
42 156 27.86% votes=[6, 11, 16, 0, 0, 31, 0, 41, 0, 51] electors=[3, 4, 5, 0, 0, 8, 0, 10, 0, 12]
42 156 27.86% votes=[6, 11, 16, 0, 26, 0, 0, 0, 46, 51] electors=[3, 4, 5, 0, 7, 0, 0, 0, 11, 12]
44 157 28.04% votes=[6, 11, 16, 21, 26, 0, 36, 41, 0, 0] electors=[3, 4, 5, 6, 7, 0, 9, 10, 0, 0]
44 157 28.04% votes=[6, 11, 16, 21, 26, 31, 0, 0, 46, 0] electors=[3, 4, 5, 6, 7, 8, 0, 0, 11, 0]
39 159 28.39% votes=[0, 0, 0, 0, 0, 31, 36, 41, 0, 51] electors=[0, 0, 0, 0, 0, 8, 9, 10, 0, 12]
39 159 28.39% votes=[0, 0, 0, 0, 26, 0, 36, 0, 46, 51] electors=[0, 0, 0, 0, 7, 0, 9, 0, 11, 12]
39 159 28.39% votes=[0, 0, 0, 21, 0, 0, 0, 41, 46, 51] electors=[0, 0, 0, 6, 0, 0, 0, 10, 11, 12]
41 160 28.57% votes=[0, 0, 0, 21, 26, 31, 36, 0, 46, 0] electors=[0, 0, 0, 6, 7, 8, 9, 0, 11, 0]
41 160 28.57% votes=[0, 0, 16, 0, 26, 31, 0, 41, 46, 0] electors=[0, 0, 5, 0, 7, 8, 0, 10, 11, 0]
41 160 28.57% votes=[0, 0, 16, 0, 26, 31, 36, 0, 0, 51] electors=[0, 0, 5, 0, 7, 8, 9, 0, 0, 12]
41 160 28.57% votes=[0, 0, 16, 21, 0, 0, 36, 41, 46, 0] electors=[0, 0, 5, 6, 0, 0, 9, 10, 11, 0]
41 160 28.57% votes=[0, 0, 16, 21, 0, 31, 0, 41, 0, 51] electors=[0, 0, 5, 6, 0, 8, 0, 10, 0, 12]
41 160 28.57% votes=[0, 0, 16, 21, 26, 0, 0, 0, 46, 51] electors=[0, 0, 5, 6, 7, 0, 0, 0, 11, 12]
41 160 28.57% votes=[0, 11, 0, 0, 26, 0, 36, 41, 46, 0] electors=[0, 4, 0, 0, 7, 0, 9, 10, 11, 0]
41 160 28.57% votes=[0, 11, 0, 0, 26, 31, 0, 41, 0, 51] electors=[0, 4, 0, 0, 7, 8, 0, 10, 0, 12]
41 160 28.57% votes=[0, 11, 0, 21, 0, 0, 36, 41, 0, 51] electors=[0, 4, 0, 6, 0, 0, 9, 10, 0, 12]
41 160 28.57% votes=[0, 11, 0, 21, 0, 31, 0, 0, 46, 51] electors=[0, 4, 0, 6, 0, 8, 0, 0, 11, 12]
41 160 28.57% votes=[0, 11, 16, 0, 0, 0, 36, 0, 46, 51] electors=[0, 4, 5, 0, 0, 0, 9, 0, 11, 12]
41 160 28.57% votes=[6, 0, 0, 0, 0, 31, 36, 41, 46, 0] electors=[3, 0, 0, 0, 0, 8, 9, 10, 11, 0]
41 160 28.57% votes=[6, 0, 0, 0, 26, 0, 36, 41, 0, 51] electors=[3, 0, 0, 0, 7, 0, 9, 10, 0, 12]
41 160 28.57% votes=[6, 0, 0, 0, 26, 31, 0, 0, 46, 51] electors=[3, 0, 0, 0, 7, 8, 0, 0, 11, 12]
41 160 28.57% votes=[6, 0, 0, 21, 0, 0, 36, 0, 46, 51] electors=[3, 0, 0, 6, 0, 0, 9, 0, 11, 12]
41 160 28.57% votes=[6, 0, 16, 0, 0, 0, 0, 41, 46, 51] electors=[3, 0, 5, 0, 0, 0, 0, 10, 11, 12]
43 161 28.75% votes=[0, 11, 16, 0, 26, 31, 36, 41, 0, 0] electors=[0, 4, 5, 0, 7, 8, 9, 10, 0, 0]
43 161 28.75% votes=[0, 11, 16, 21, 0, 31, 36, 0, 46, 0] electors=[0, 4, 5, 6, 0, 8, 9, 0, 11, 0]
43 161 28.75% votes=[0, 11, 16, 21, 26, 0, 0, 41, 46, 0] electors=[0, 4, 5, 6, 7, 0, 0, 10, 11, 0]
43 161 28.75% votes=[0, 11, 16, 21, 26, 0, 36, 0, 0, 51] electors=[0, 4, 5, 6, 7, 0, 9, 0, 0, 12]
43 161 28.75% votes=[6, 0, 0, 21, 26, 31, 36, 41, 0, 0] electors=[3, 0, 0, 6, 7, 8, 9, 10, 0, 0]
43 161 28.75% votes=[6, 0, 16, 0, 26, 31, 36, 0, 46, 0] electors=[3, 0, 5, 0, 7, 8, 9, 0, 11, 0]
43 161 28.75% votes=[6, 0, 16, 21, 0, 31, 0, 41, 46, 0] electors=[3, 0, 5, 6, 0, 8, 0, 10, 11, 0]
43 161 28.75% votes=[6, 0, 16, 21, 0, 31, 36, 0, 0, 51] electors=[3, 0, 5, 6, 0, 8, 9, 0, 0, 12]
43 161 28.75% votes=[6, 0, 16, 21, 26, 0, 0, 41, 0, 51] electors=[3, 0, 5, 6, 7, 0, 0, 10, 0, 12]
43 161 28.75% votes=[6, 11, 0, 0, 26, 31, 0, 41, 46, 0] electors=[3, 4, 0, 0, 7, 8, 0, 10, 11, 0]
43 161 28.75% votes=[6, 11, 0, 0, 26, 31, 36, 0, 0, 51] electors=[3, 4, 0, 0, 7, 8, 9, 0, 0, 12]
43 161 28.75% votes=[6, 11, 0, 21, 0, 0, 36, 41, 46, 0] electors=[3, 4, 0, 6, 0, 0, 9, 10, 11, 0]
43 161 28.75% votes=[6, 11, 0, 21, 0, 31, 0, 41, 0, 51] electors=[3, 4, 0, 6, 0, 8, 0, 10, 0, 12]
43 161 28.75% votes=[6, 11, 0, 21, 26, 0, 0, 0, 46, 51] electors=[3, 4, 0, 6, 7, 0, 0, 0, 11, 12]
43 161 28.75% votes=[6, 11, 16, 0, 0, 0, 36, 41, 0, 51] electors=[3, 4, 5, 0, 0, 0, 9, 10, 0, 12]
43 161 28.75% votes=[6, 11, 16, 0, 0, 31, 0, 0, 46, 51] electors=[3, 4, 5, 0, 0, 8, 0, 0, 11, 12]
45 162 28.93% votes=[6, 11, 16, 21, 0, 31, 36, 41, 0, 0] electors=[3, 4, 5, 6, 0, 8, 9, 10, 0, 0]
45 162 28.93% votes=[6, 11, 16, 21, 26, 0, 36, 0, 46, 0] electors=[3, 4, 5, 6, 7, 0, 9, 0, 11, 0]
45 162 28.93% votes=[6, 11, 16, 21, 26, 31, 0, 0, 0, 51] electors=[3, 4, 5, 6, 7, 8, 0, 0, 0, 12]
40 164 29.29% votes=[0, 0, 0, 0, 0, 31, 36, 0, 46, 51] electors=[0, 0, 0, 0, 0, 8, 9, 0, 11, 12]
40 164 29.29% votes=[0, 0, 0, 0, 26, 0, 0, 41, 46, 51] electors=[0, 0, 0, 0, 7, 0, 0, 10, 11, 12]
42 165 29.46% votes=[0, 0, 0, 21, 26, 31, 0, 41, 46, 0] electors=[0, 0, 0, 6, 7, 8, 0, 10, 11, 0]
42 165 29.46% votes=[0, 0, 0, 21, 26, 31, 36, 0, 0, 51] electors=[0, 0, 0, 6, 7, 8, 9, 0, 0, 12]
42 165 29.46% votes=[0, 0, 16, 0, 26, 0, 36, 41, 46, 0] electors=[0, 0, 5, 0, 7, 0, 9, 10, 11, 0]
42 165 29.46% votes=[0, 0, 16, 0, 26, 31, 0, 41, 0, 51] electors=[0, 0, 5, 0, 7, 8, 0, 10, 0, 12]
42 165 29.46% votes=[0, 0, 16, 21, 0, 0, 36, 41, 0, 51] electors=[0, 0, 5, 6, 0, 0, 9, 10, 0, 12]
42 165 29.46% votes=[0, 0, 16, 21, 0, 31, 0, 0, 46, 51] electors=[0, 0, 5, 6, 0, 8, 0, 0, 11, 12]
42 165 29.46% votes=[0, 11, 0, 0, 0, 31, 36, 41, 46, 0] electors=[0, 4, 0, 0, 0, 8, 9, 10, 11, 0]
42 165 29.46% votes=[0, 11, 0, 0, 26, 0, 36, 41, 0, 51] electors=[0, 4, 0, 0, 7, 0, 9, 10, 0, 12]
42 165 29.46% votes=[0, 11, 0, 0, 26, 31, 0, 0, 46, 51] electors=[0, 4, 0, 0, 7, 8, 0, 0, 11, 12]
42 165 29.46% votes=[0, 11, 0, 21, 0, 0, 36, 0, 46, 51] electors=[0, 4, 0, 6, 0, 0, 9, 0, 11, 12]
42 165 29.46% votes=[0, 11, 16, 0, 0, 0, 0, 41, 46, 51] electors=[0, 4, 5, 0, 0, 0, 0, 10, 11, 12]
42 165 29.46% votes=[6, 0, 0, 0, 0, 31, 36, 41, 0, 51] electors=[3, 0, 0, 0, 0, 8, 9, 10, 0, 12]
42 165 29.46% votes=[6, 0, 0, 0, 26, 0, 36, 0, 46, 51] electors=[3, 0, 0, 0, 7, 0, 9, 0, 11, 12]
42 165 29.46% votes=[6, 0, 0, 21, 0, 0, 0, 41, 46, 51] electors=[3, 0, 0, 6, 0, 0, 0, 10, 11, 12]
44 166 29.64% votes=[0, 11, 0, 21, 26, 31, 36, 41, 0, 0] electors=[0, 4, 0, 6, 7, 8, 9, 10, 0, 0]
44 166 29.64% votes=[0, 11, 16, 0, 26, 31, 36, 0, 46, 0] electors=[0, 4, 5, 0, 7, 8, 9, 0, 11, 0]
44 166 29.64% votes=[0, 11, 16, 21, 0, 31, 0, 41, 46, 0] electors=[0, 4, 5, 6, 0, 8, 0, 10, 11, 0]
44 166 29.64% votes=[0, 11, 16, 21, 0, 31, 36, 0, 0, 51] electors=[0, 4, 5, 6, 0, 8, 9, 0, 0, 12]
44 166 29.64% votes=[0, 11, 16, 21, 26, 0, 0, 41, 0, 51] electors=[0, 4, 5, 6, 7, 0, 0, 10, 0, 12]
44 166 29.64% votes=[6, 0, 0, 21, 26, 31, 36, 0, 46, 0] electors=[3, 0, 0, 6, 7, 8, 9, 0, 11, 0]
44 166 29.64% votes=[6, 0, 16, 0, 26, 31, 0, 41, 46, 0] electors=[3, 0, 5, 0, 7, 8, 0, 10, 11, 0]
44 166 29.64% votes=[6, 0, 16, 0, 26, 31, 36, 0, 0, 51] electors=[3, 0, 5, 0, 7, 8, 9, 0, 0, 12]
44 166 29.64% votes=[6, 0, 16, 21, 0, 0, 36, 41, 46, 0] electors=[3, 0, 5, 6, 0, 0, 9, 10, 11, 0]
44 166 29.64% votes=[6, 0, 16, 21, 0, 31, 0, 41, 0, 51] electors=[3, 0, 5, 6, 0, 8, 0, 10, 0, 12]
44 166 29.64% votes=[6, 0, 16, 21, 26, 0, 0, 0, 46, 51] electors=[3, 0, 5, 6, 7, 0, 0, 0, 11, 12]
44 166 29.64% votes=[6, 11, 0, 0, 26, 0, 36, 41, 46, 0] electors=[3, 4, 0, 0, 7, 0, 9, 10, 11, 0]
44 166 29.64% votes=[6, 11, 0, 0, 26, 31, 0, 41, 0, 51] electors=[3, 4, 0, 0, 7, 8, 0, 10, 0, 12]
44 166 29.64% votes=[6, 11, 0, 21, 0, 0, 36, 41, 0, 51] electors=[3, 4, 0, 6, 0, 0, 9, 10, 0, 12]
44 166 29.64% votes=[6, 11, 0, 21, 0, 31, 0, 0, 46, 51] electors=[3, 4, 0, 6, 0, 8, 0, 0, 11, 12]
44 166 29.64% votes=[6, 11, 16, 0, 0, 0, 36, 0, 46, 51] electors=[3, 4, 5, 0, 0, 0, 9, 0, 11, 12]
46 167 29.82% votes=[6, 11, 16, 0, 26, 31, 36, 41, 0, 0] electors=[3, 4, 5, 0, 7, 8, 9, 10, 0, 0]
46 167 29.82% votes=[6, 11, 16, 21, 0, 31, 36, 0, 46, 0] electors=[3, 4, 5, 6, 0, 8, 9, 0, 11, 0]
46 167 29.82% votes=[6, 11, 16, 21, 26, 0, 0, 41, 46, 0] electors=[3, 4, 5, 6, 7, 0, 0, 10, 11, 0]
46 167 29.82% votes=[6, 11, 16, 21, 26, 0, 36, 0, 0, 51] electors=[3, 4, 5, 6, 7, 0, 9, 0, 0, 12]
41 169 30.18% votes=[0, 0, 0, 0, 0, 31, 0, 41, 46, 51] electors=[0, 0, 0, 0, 0, 8, 0, 10, 11, 12]
43 170 30.36% votes=[0, 0, 0, 21, 26, 0, 36, 41, 46, 0] electors=[0, 0, 0, 6, 7, 0, 9, 10, 11, 0]
43 170 30.36% votes=[0, 0, 0, 21, 26, 31, 0, 41, 0, 51] electors=[0, 0, 0, 6, 7, 8, 0, 10, 0, 12]
43 170 30.36% votes=[0, 0, 16, 0, 0, 31, 36, 41, 46, 0] electors=[0, 0, 5, 0, 0, 8, 9, 10, 11, 0]
43 170 30.36% votes=[0, 0, 16, 0, 26, 0, 36, 41, 0, 51] electors=[0, 0, 5, 0, 7, 0, 9, 10, 0, 12]
43 170 30.36% votes=[0, 0, 16, 0, 26, 31, 0, 0, 46, 51] electors=[0, 0, 5, 0, 7, 8, 0, 0, 11, 12]
43 170 30.36% votes=[0, 0, 16, 21, 0, 0, 36, 0, 46, 51] electors=[0, 0, 5, 6, 0, 0, 9, 0, 11, 12]
43 170 30.36% votes=[0, 11, 0, 0, 0, 31, 36, 41, 0, 51] electors=[0, 4, 0, 0, 0, 8, 9, 10, 0, 12]
43 170 30.36% votes=[0, 11, 0, 0, 26, 0, 36, 0, 46, 51] electors=[0, 4, 0, 0, 7, 0, 9, 0, 11, 12]
43 170 30.36% votes=[0, 11, 0, 21, 0, 0, 0, 41, 46, 51] electors=[0, 4, 0, 6, 0, 0, 0, 10, 11, 12]
43 170 30.36% votes=[6, 0, 0, 0, 0, 31, 36, 0, 46, 51] electors=[3, 0, 0, 0, 0, 8, 9, 0, 11, 12]
43 170 30.36% votes=[6, 0, 0, 0, 26, 0, 0, 41, 46, 51] electors=[3, 0, 0, 0, 7, 0, 0, 10, 11, 12]
45 171 30.54% votes=[0, 0, 16, 21, 26, 31, 36, 41, 0, 0] electors=[0, 0, 5, 6, 7, 8, 9, 10, 0, 0]
45 171 30.54% votes=[0, 11, 0, 21, 26, 31, 36, 0, 46, 0] electors=[0, 4, 0, 6, 7, 8, 9, 0, 11, 0]
45 171 30.54% votes=[0, 11, 16, 0, 26, 31, 0, 41, 46, 0] electors=[0, 4, 5, 0, 7, 8, 0, 10, 11, 0]
45 171 30.54% votes=[0, 11, 16, 0, 26, 31, 36, 0, 0, 51] electors=[0, 4, 5, 0, 7, 8, 9, 0, 0, 12]
45 171 30.54% votes=[0, 11, 16, 21, 0, 0, 36, 41, 46, 0] electors=[0, 4, 5, 6, 0, 0, 9, 10, 11, 0]
45 171 30.54% votes=[0, 11, 16, 21, 0, 31, 0, 41, 0, 51] electors=[0, 4, 5, 6, 0, 8, 0, 10, 0, 12]
45 171 30.54% votes=[0, 11, 16, 21, 26, 0, 0, 0, 46, 51] electors=[0, 4, 5, 6, 7, 0, 0, 0, 11, 12]
45 171 30.54% votes=[6, 0, 0, 21, 26, 31, 0, 41, 46, 0] electors=[3, 0, 0, 6, 7, 8, 0, 10, 11, 0]
45 171 30.54% votes=[6, 0, 0, 21, 26, 31, 36, 0, 0, 51] electors=[3, 0, 0, 6, 7, 8, 9, 0, 0, 12]
45 171 30.54% votes=[6, 0, 16, 0, 26, 0, 36, 41, 46, 0] electors=[3, 0, 5, 0, 7, 0, 9, 10, 11, 0]
45 171 30.54% votes=[6, 0, 16, 0, 26, 31, 0, 41, 0, 51] electors=[3, 0, 5, 0, 7, 8, 0, 10, 0, 12]
45 171 30.54% votes=[6, 0, 16, 21, 0, 0, 36, 41, 0, 51] electors=[3, 0, 5, 6, 0, 0, 9, 10, 0, 12]
45 171 30.54% votes=[6, 0, 16, 21, 0, 31, 0, 0, 46, 51] electors=[3, 0, 5, 6, 0, 8, 0, 0, 11, 12]
45 171 30.54% votes=[6, 11, 0, 0, 0, 31, 36, 41, 46, 0] electors=[3, 4, 0, 0, 0, 8, 9, 10, 11, 0]
45 171 30.54% votes=[6, 11, 0, 0, 26, 0, 36, 41, 0, 51] electors=[3, 4, 0, 0, 7, 0, 9, 10, 0, 12]
45 171 30.54% votes=[6, 11, 0, 0, 26, 31, 0, 0, 46, 51] electors=[3, 4, 0, 0, 7, 8, 0, 0, 11, 12]
45 171 30.54% votes=[6, 11, 0, 21, 0, 0, 36, 0, 46, 51] electors=[3, 4, 0, 6, 0, 0, 9, 0, 11, 12]
45 171 30.54% votes=[6, 11, 16, 0, 0, 0, 0, 41, 46, 51] electors=[3, 4, 5, 0, 0, 0, 0, 10, 11, 12]
47 172 30.71% votes=[6, 11, 0, 21, 26, 31, 36, 41, 0, 0] electors=[3, 4, 0, 6, 7, 8, 9, 10, 0, 0]
47 172 30.71% votes=[6, 11, 16, 0, 26, 31, 36, 0, 46, 0] electors=[3, 4, 5, 0, 7, 8, 9, 0, 11, 0]
47 172 30.71% votes=[6, 11, 16, 21, 0, 31, 0, 41, 46, 0] electors=[3, 4, 5, 6, 0, 8, 0, 10, 11, 0]
47 172 30.71% votes=[6, 11, 16, 21, 0, 31, 36, 0, 0, 51] electors=[3, 4, 5, 6, 0, 8, 9, 0, 0, 12]
47 172 30.71% votes=[6, 11, 16, 21, 26, 0, 0, 41, 0, 51] electors=[3, 4, 5, 6, 7, 0, 0, 10, 0, 12]
42 174 31.07% votes=[0, 0, 0, 0, 0, 0, 36, 41, 46, 51] electors=[0, 0, 0, 0, 0, 0, 9, 10, 11, 12]
44 175 31.25% votes=[0, 0, 0, 21, 0, 31, 36, 41, 46, 0] electors=[0, 0, 0, 6, 0, 8, 9, 10, 11, 0]
44 175 31.25% votes=[0, 0, 0, 21, 26, 0, 36, 41, 0, 51] electors=[0, 0, 0, 6, 7, 0, 9, 10, 0, 12]
44 175 31.25% votes=[0, 0, 0, 21, 26, 31, 0, 0, 46, 51] electors=[0, 0, 0, 6, 7, 8, 0, 0, 11, 12]
44 175 31.25% votes=[0, 0, 16, 0, 0, 31, 36, 41, 0, 51] electors=[0, 0, 5, 0, 0, 8, 9, 10, 0, 12]
44 175 31.25% votes=[0, 0, 16, 0, 26, 0, 36, 0, 46, 51] electors=[0, 0, 5, 0, 7, 0, 9, 0, 11, 12]
44 175 31.25% votes=[0, 0, 16, 21, 0, 0, 0, 41, 46, 51] electors=[0, 0, 5, 6, 0, 0, 0, 10, 11, 12]
44 175 31.25% votes=[0, 11, 0, 0, 0, 31, 36, 0, 46, 51] electors=[0, 4, 0, 0, 0, 8, 9, 0, 11, 12]
44 175 31.25% votes=[0, 11, 0, 0, 26, 0, 0, 41, 46, 51] electors=[0, 4, 0, 0, 7, 0, 0, 10, 11, 12]
44 175 31.25% votes=[6, 0, 0, 0, 0, 31, 0, 41, 46, 51] electors=[3, 0, 0, 0, 0, 8, 0, 10, 11, 12]
46 176 31.43% votes=[0, 0, 16, 21, 26, 31, 36, 0, 46, 0] electors=[0, 0, 5, 6, 7, 8, 9, 0, 11, 0]
46 176 31.43% votes=[0, 11, 0, 21, 26, 31, 0, 41, 46, 0] electors=[0, 4, 0, 6, 7, 8, 0, 10, 11, 0]
46 176 31.43% votes=[0, 11, 0, 21, 26, 31, 36, 0, 0, 51] electors=[0, 4, 0, 6, 7, 8, 9, 0, 0, 12]
46 176 31.43% votes=[0, 11, 16, 0, 26, 0, 36, 41, 46, 0] electors=[0, 4, 5, 0, 7, 0, 9, 10, 11, 0]
46 176 31.43% votes=[0, 11, 16, 0, 26, 31, 0, 41, 0, 51] electors=[0, 4, 5, 0, 7, 8, 0, 10, 0, 12]
46 176 31.43% votes=[0, 11, 16, 21, 0, 0, 36, 41, 0, 51] electors=[0, 4, 5, 6, 0, 0, 9, 10, 0, 12]
46 176 31.43% votes=[0, 11, 16, 21, 0, 31, 0, 0, 46, 51] electors=[0, 4, 5, 6, 0, 8, 0, 0, 11, 12]
46 176 31.43% votes=[6, 0, 0, 21, 26, 0, 36, 41, 46, 0] electors=[3, 0, 0, 6, 7, 0, 9, 10, 11, 0]
46 176 31.43% votes=[6, 0, 0, 21, 26, 31, 0, 41, 0, 51] electors=[3, 0, 0, 6, 7, 8, 0, 10, 0, 12]
46 176 31.43% votes=[6, 0, 16, 0, 0, 31, 36, 41, 46, 0] electors=[3, 0, 5, 0, 0, 8, 9, 10, 11, 0]
46 176 31.43% votes=[6, 0, 16, 0, 26, 0, 36, 41, 0, 51] electors=[3, 0, 5, 0, 7, 0, 9, 10, 0, 12]
46 176 31.43% votes=[6, 0, 16, 0, 26, 31, 0, 0, 46, 51] electors=[3, 0, 5, 0, 7, 8, 0, 0, 11, 12]
46 176 31.43% votes=[6, 0, 16, 21, 0, 0, 36, 0, 46, 51] electors=[3, 0, 5, 6, 0, 0, 9, 0, 11, 12]
46 176 31.43% votes=[6, 11, 0, 0, 0, 31, 36, 41, 0, 51] electors=[3, 4, 0, 0, 0, 8, 9, 10, 0, 12]
46 176 31.43% votes=[6, 11, 0, 0, 26, 0, 36, 0, 46, 51] electors=[3, 4, 0, 0, 7, 0, 9, 0, 11, 12]
46 176 31.43% votes=[6, 11, 0, 21, 0, 0, 0, 41, 46, 51] electors=[3, 4, 0, 6, 0, 0, 0, 10, 11, 12]
48 177 31.61% votes=[6, 0, 16, 21, 26, 31, 36, 41, 0, 0] electors=[3, 0, 5, 6, 7, 8, 9, 10, 0, 0]
48 177 31.61% votes=[6, 11, 0, 21, 26, 31, 36, 0, 46, 0] electors=[3, 4, 0, 6, 7, 8, 9, 0, 11, 0]
48 177 31.61% votes=[6, 11, 16, 0, 26, 31, 0, 41, 46, 0] electors=[3, 4, 5, 0, 7, 8, 0, 10, 11, 0]
48 177 31.61% votes=[6, 11, 16, 0, 26, 31, 36, 0, 0, 51] electors=[3, 4, 5, 0, 7, 8, 9, 0, 0, 12]
48 177 31.61% votes=[6, 11, 16, 21, 0, 0, 36, 41, 46, 0] electors=[3, 4, 5, 6, 0, 0, 9, 10, 11, 0]
48 177 31.61% votes=[6, 11, 16, 21, 0, 31, 0, 41, 0, 51] electors=[3, 4, 5, 6, 0, 8, 0, 10, 0, 12]
48 177 31.61% votes=[6, 11, 16, 21, 26, 0, 0, 0, 46, 51] electors=[3, 4, 5, 6, 7, 0, 0, 0, 11, 12]
45 180 32.14% votes=[0, 0, 0, 0, 26, 31, 36, 41, 46, 0] electors=[0, 0, 0, 0, 7, 8, 9, 10, 11, 0]
45 180 32.14% votes=[0, 0, 0, 21, 0, 31, 36, 41, 0, 51] electors=[0, 0, 0, 6, 0, 8, 9, 10, 0, 12]
45 180 32.14% votes=[0, 0, 0, 21, 26, 0, 36, 0, 46, 51] electors=[0, 0, 0, 6, 7, 0, 9, 0, 11, 12]
45 180 32.14% votes=[0, 0, 16, 0, 0, 31, 36, 0, 46, 51] electors=[0, 0, 5, 0, 0, 8, 9, 0, 11, 12]
45 180 32.14% votes=[0, 0, 16, 0, 26, 0, 0, 41, 46, 51] electors=[0, 0, 5, 0, 7, 0, 0, 10, 11, 12]
45 180 32.14% votes=[0, 11, 0, 0, 0, 31, 0, 41, 46, 51] electors=[0, 4, 0, 0, 0, 8, 0, 10, 11, 12]
45 180 32.14% votes=[6, 0, 0, 0, 0, 0, 36, 41, 46, 51] electors=[3, 0, 0, 0, 0, 0, 9, 10, 11, 12]
47 181 32.32% votes=[0, 0, 16, 21, 26, 31, 0, 41, 46, 0] electors=[0, 0, 5, 6, 7, 8, 0, 10, 11, 0]
47 181 32.32% votes=[0, 0, 16, 21, 26, 31, 36, 0, 0, 51] electors=[0, 0, 5, 6, 7, 8, 9, 0, 0, 12]
47 181 32.32% votes=[0, 11, 0, 21, 26, 0, 36, 41, 46, 0] electors=[0, 4, 0, 6, 7, 0, 9, 10, 11, 0]
47 181 32.32% votes=[0, 11, 0, 21, 26, 31, 0, 41, 0, 51] electors=[0, 4, 0, 6, 7, 8, 0, 10, 0, 12]
47 181 32.32% votes=[0, 11, 16, 0, 0, 31, 36, 41, 46, 0] electors=[0, 4, 5, 0, 0, 8, 9, 10, 11, 0]
47 181 32.32% votes=[0, 11, 16, 0, 26, 0, 36, 41, 0, 51] electors=[0, 4, 5, 0, 7, 0, 9, 10, 0, 12]
47 181 32.32% votes=[0, 11, 16, 0, 26, 31, 0, 0, 46, 51] electors=[0, 4, 5, 0, 7, 8, 0, 0, 11, 12]
47 181 32.32% votes=[0, 11, 16, 21, 0, 0, 36, 0, 46, 51] electors=[0, 4, 5, 6, 0, 0, 9, 0, 11, 12]
47 181 32.32% votes=[6, 0, 0, 21, 0, 31, 36, 41, 46, 0] electors=[3, 0, 0, 6, 0, 8, 9, 10, 11, 0]
47 181 32.32% votes=[6, 0, 0, 21, 26, 0, 36, 41, 0, 51] electors=[3, 0, 0, 6, 7, 0, 9, 10, 0, 12]
47 181 32.32% votes=[6, 0, 0, 21, 26, 31, 0, 0, 46, 51] electors=[3, 0, 0, 6, 7, 8, 0, 0, 11, 12]
47 181 32.32% votes=[6, 0, 16, 0, 0, 31, 36, 41, 0, 51] electors=[3, 0, 5, 0, 0, 8, 9, 10, 0, 12]
47 181 32.32% votes=[6, 0, 16, 0, 26, 0, 36, 0, 46, 51] electors=[3, 0, 5, 0, 7, 0, 9, 0, 11, 12]
47 181 32.32% votes=[6, 0, 16, 21, 0, 0, 0, 41, 46, 51] electors=[3, 0, 5, 6, 0, 0, 0, 10, 11, 12]
47 181 32.32% votes=[6, 11, 0, 0, 0, 31, 36, 0, 46, 51] electors=[3, 4, 0, 0, 0, 8, 9, 0, 11, 12]
47 181 32.32% votes=[6, 11, 0, 0, 26, 0, 0, 41, 46, 51] electors=[3, 4, 0, 0, 7, 0, 0, 10, 11, 12]
49 182 32.50% votes=[0, 11, 16, 21, 26, 31, 36, 41, 0, 0] electors=[0, 4, 5, 6, 7, 8, 9, 10, 0, 0]
49 182 32.50% votes=[6, 0, 16, 21, 26, 31, 36, 0, 46, 0] electors=[3, 0, 5, 6, 7, 8, 9, 0, 11, 0]
49 182 32.50% votes=[6, 11, 0, 21, 26, 31, 0, 41, 46, 0] electors=[3, 4, 0, 6, 7, 8, 0, 10, 11, 0]
49 182 32.50% votes=[6, 11, 0, 21, 26, 31, 36, 0, 0, 51] electors=[3, 4, 0, 6, 7, 8, 9, 0, 0, 12]
49 182 32.50% votes=[6, 11, 16, 0, 26, 0, 36, 41, 46, 0] electors=[3, 4, 5, 0, 7, 0, 9, 10, 11, 0]
49 182 32.50% votes=[6, 11, 16, 0, 26, 31, 0, 41, 0, 51] electors=[3, 4, 5, 0, 7, 8, 0, 10, 0, 12]
49 182 32.50% votes=[6, 11, 16, 21, 0, 0, 36, 41, 0, 51] electors=[3, 4, 5, 6, 0, 0, 9, 10, 0, 12]
49 182 32.50% votes=[6, 11, 16, 21, 0, 31, 0, 0, 46, 51] electors=[3, 4, 5, 6, 0, 8, 0, 0, 11, 12]
46 185 33.04% votes=[0, 0, 0, 0, 26, 31, 36, 41, 0, 51] electors=[0, 0, 0, 0, 7, 8, 9, 10, 0, 12]
46 185 33.04% votes=[0, 0, 0, 21, 0, 31, 36, 0, 46, 51] electors=[0, 0, 0, 6, 0, 8, 9, 0, 11, 12]
46 185 33.04% votes=[0, 0, 0, 21, 26, 0, 0, 41, 46, 51] electors=[0, 0, 0, 6, 7, 0, 0, 10, 11, 12]
46 185 33.04% votes=[0, 0, 16, 0, 0, 31, 0, 41, 46, 51] electors=[0, 0, 5, 0, 0, 8, 0, 10, 11, 12]
46 185 33.04% votes=[0, 11, 0, 0, 0, 0, 36, 41, 46, 51] electors=[0, 4, 0, 0, 0, 0, 9, 10, 11, 12]
48 186 33.21% votes=[0, 0, 16, 21, 26, 0, 36, 41, 46, 0] electors=[0, 0, 5, 6, 7, 0, 9, 10, 11, 0]
48 186 33.21% votes=[0, 0, 16, 21, 26, 31, 0, 41, 0, 51] electors=[0, 0, 5, 6, 7, 8, 0, 10, 0, 12]
48 186 33.21% votes=[0, 11, 0, 21, 0, 31, 36, 41, 46, 0] electors=[0, 4, 0, 6, 0, 8, 9, 10, 11, 0]
48 186 33.21% votes=[0, 11, 0, 21, 26, 0, 36, 41, 0, 51] electors=[0, 4, 0, 6, 7, 0, 9, 10, 0, 12]
48 186 33.21% votes=[0, 11, 0, 21, 26, 31, 0, 0, 46, 51] electors=[0, 4, 0, 6, 7, 8, 0, 0, 11, 12]
48 186 33.21% votes=[0, 11, 16, 0, 0, 31, 36, 41, 0, 51] electors=[0, 4, 5, 0, 0, 8, 9, 10, 0, 12]
48 186 33.21% votes=[0, 11, 16, 0, 26, 0, 36, 0, 46, 51] electors=[0, 4, 5, 0, 7, 0, 9, 0, 11, 12]
48 186 33.21% votes=[0, 11, 16, 21, 0, 0, 0, 41, 46, 51] electors=[0, 4, 5, 6, 0, 0, 0, 10, 11, 12]
48 186 33.21% votes=[6, 0, 0, 0, 26, 31, 36, 41, 46, 0] electors=[3, 0, 0, 0, 7, 8, 9, 10, 11, 0]
48 186 33.21% votes=[6, 0, 0, 21, 0, 31, 36, 41, 0, 51] electors=[3, 0, 0, 6, 0, 8, 9, 10, 0, 12]
48 186 33.21% votes=[6, 0, 0, 21, 26, 0, 36, 0, 46, 51] electors=[3, 0, 0, 6, 7, 0, 9, 0, 11, 12]
48 186 33.21% votes=[6, 0, 16, 0, 0, 31, 36, 0, 46, 51] electors=[3, 0, 5, 0, 0, 8, 9, 0, 11, 12]
48 186 33.21% votes=[6, 0, 16, 0, 26, 0, 0, 41, 46, 51] electors=[3, 0, 5, 0, 7, 0, 0, 10, 11, 12]
48 186 33.21% votes=[6, 11, 0, 0, 0, 31, 0, 41, 46, 51] electors=[3, 4, 0, 0, 0, 8, 0, 10, 11, 12]
50 187 33.39% votes=[0, 11, 16, 21, 26, 31, 36, 0, 46, 0] electors=[0, 4, 5, 6, 7, 8, 9, 0, 11, 0]
50 187 33.39% votes=[6, 0, 16, 21, 26, 31, 0, 41, 46, 0] electors=[3, 0, 5, 6, 7, 8, 0, 10, 11, 0]
50 187 33.39% votes=[6, 0, 16, 21, 26, 31, 36, 0, 0, 51] electors=[3, 0, 5, 6, 7, 8, 9, 0, 0, 12]
50 187 33.39% votes=[6, 11, 0, 21, 26, 0, 36, 41, 46, 0] electors=[3, 4, 0, 6, 7, 0, 9, 10, 11, 0]
50 187 33.39% votes=[6, 11, 0, 21, 26, 31, 0, 41, 0, 51] electors=[3, 4, 0, 6, 7, 8, 0, 10, 0, 12]
50 187 33.39% votes=[6, 11, 16, 0, 0, 31, 36, 41, 46, 0] electors=[3, 4, 5, 0, 0, 8, 9, 10, 11, 0]
50 187 33.39% votes=[6, 11, 16, 0, 26, 0, 36, 41, 0, 51] electors=[3, 4, 5, 0, 7, 0, 9, 10, 0, 12]
50 187 33.39% votes=[6, 11, 16, 0, 26, 31, 0, 0, 46, 51] electors=[3, 4, 5, 0, 7, 8, 0, 0, 11, 12]
50 187 33.39% votes=[6, 11, 16, 21, 0, 0, 36, 0, 46, 51] electors=[3, 4, 5, 6, 0, 0, 9, 0, 11, 12]
52 188 33.57% votes=[6, 11, 16, 21, 26, 31, 36, 41, 0, 0] electors=[3, 4, 5, 6, 7, 8, 9, 10, 0, 0]
47 190 33.93% votes=[0, 0, 0, 0, 26, 31, 36, 0, 46, 51] electors=[0, 0, 0, 0, 7, 8, 9, 0, 11, 12]
47 190 33.93% votes=[0, 0, 0, 21, 0, 31, 0, 41, 46, 51] electors=[0, 0, 0, 6, 0, 8, 0, 10, 11, 12]
47 190 33.93% votes=[0, 0, 16, 0, 0, 0, 36, 41, 46, 51] electors=[0, 0, 5, 0, 0, 0, 9, 10, 11, 12]
49 191 34.11% votes=[0, 0, 16, 21, 0, 31, 36, 41, 46, 0] electors=[0, 0, 5, 6, 0, 8, 9, 10, 11, 0]
49 191 34.11% votes=[0, 0, 16, 21, 26, 0, 36, 41, 0, 51] electors=[0, 0, 5, 6, 7, 0, 9, 10, 0, 12]
49 191 34.11% votes=[0, 0, 16, 21, 26, 31, 0, 0, 46, 51] electors=[0, 0, 5, 6, 7, 8, 0, 0, 11, 12]
49 191 34.11% votes=[0, 11, 0, 0, 26, 31, 36, 41, 46, 0] electors=[0, 4, 0, 0, 7, 8, 9, 10, 11, 0]
49 191 34.11% votes=[0, 11, 0, 21, 0, 31, 36, 41, 0, 51] electors=[0, 4, 0, 6, 0, 8, 9, 10, 0, 12]
49 191 34.11% votes=[0, 11, 0, 21, 26, 0, 36, 0, 46, 51] electors=[0, 4, 0, 6, 7, 0, 9, 0, 11, 12]
49 191 34.11% votes=[0, 11, 16, 0, 0, 31, 36, 0, 46, 51] electors=[0, 4, 5, 0, 0, 8, 9, 0, 11, 12]
49 191 34.11% votes=[0, 11, 16, 0, 26, 0, 0, 41, 46, 51] electors=[0, 4, 5, 0, 7, 0, 0, 10, 11, 12]
49 191 34.11% votes=[6, 0, 0, 0, 26, 31, 36, 41, 0, 51] electors=[3, 0, 0, 0, 7, 8, 9, 10, 0, 12]
49 191 34.11% votes=[6, 0, 0, 21, 0, 31, 36, 0, 46, 51] electors=[3, 0, 0, 6, 0, 8, 9, 0, 11, 12]
49 191 34.11% votes=[6, 0, 0, 21, 26, 0, 0, 41, 46, 51] electors=[3, 0, 0, 6, 7, 0, 0, 10, 11, 12]
49 191 34.11% votes=[6, 0, 16, 0, 0, 31, 0, 41, 46, 51] electors=[3, 0, 5, 0, 0, 8, 0, 10, 11, 12]
49 191 34.11% votes=[6, 11, 0, 0, 0, 0, 36, 41, 46, 51] electors=[3, 4, 0, 0, 0, 0, 9, 10, 11, 12]
51 192 34.29% votes=[0, 11, 16, 21, 26, 31, 0, 41, 46, 0] electors=[0, 4, 5, 6, 7, 8, 0, 10, 11, 0]
51 192 34.29% votes=[0, 11, 16, 21, 26, 31, 36, 0, 0, 51] electors=[0, 4, 5, 6, 7, 8, 9, 0, 0, 12]
51 192 34.29% votes=[6, 0, 16, 21, 26, 0, 36, 41, 46, 0] electors=[3, 0, 5, 6, 7, 0, 9, 10, 11, 0]
51 192 34.29% votes=[6, 0, 16, 21, 26, 31, 0, 41, 0, 51] electors=[3, 0, 5, 6, 7, 8, 0, 10, 0, 12]
51 192 34.29% votes=[6, 11, 0, 21, 0, 31, 36, 41, 46, 0] electors=[3, 4, 0, 6, 0, 8, 9, 10, 11, 0]
51 192 34.29% votes=[6, 11, 0, 21, 26, 0, 36, 41, 0, 51] electors=[3, 4, 0, 6, 7, 0, 9, 10, 0, 12]
51 192 34.29% votes=[6, 11, 0, 21, 26, 31, 0, 0, 46, 51] electors=[3, 4, 0, 6, 7, 8, 0, 0, 11, 12]
51 192 34.29% votes=[6, 11, 16, 0, 0, 31, 36, 41, 0, 51] electors=[3, 4, 5, 0, 0, 8, 9, 10, 0, 12]
51 192 34.29% votes=[6, 11, 16, 0, 26, 0, 36, 0, 46, 51] electors=[3, 4, 5, 0, 7, 0, 9, 0, 11, 12]
51 192 34.29% votes=[6, 11, 16, 21, 0, 0, 0, 41, 46, 51] electors=[3, 4, 5, 6, 0, 0, 0, 10, 11, 12]
53 193 34.46% votes=[6, 11, 16, 21, 26, 31, 36, 0, 46, 0] electors=[3, 4, 5, 6, 7, 8, 9, 0, 11, 0]
48 195 34.82% votes=[0, 0, 0, 0, 26, 31, 0, 41, 46, 51] electors=[0, 0, 0, 0, 7, 8, 0, 10, 11, 12]
48 195 34.82% votes=[0, 0, 0, 21, 0, 0, 36, 41, 46, 51] electors=[0, 0, 0, 6, 0, 0, 9, 10, 11, 12]
50 196 35.00% votes=[0, 0, 16, 0, 26, 31, 36, 41, 46, 0] electors=[0, 0, 5, 0, 7, 8, 9, 10, 11, 0]
50 196 35.00% votes=[0, 0, 16, 21, 0, 31, 36, 41, 0, 51] electors=[0, 0, 5, 6, 0, 8, 9, 10, 0, 12]
50 196 35.00% votes=[0, 0, 16, 21, 26, 0, 36, 0, 46, 51] electors=[0, 0, 5, 6, 7, 0, 9, 0, 11, 12]
50 196 35.00% votes=[0, 11, 0, 0, 26, 31, 36, 41, 0, 51] electors=[0, 4, 0, 0, 7, 8, 9, 10, 0, 12]
50 196 35.00% votes=[0, 11, 0, 21, 0, 31, 36, 0, 46, 51] electors=[0, 4, 0, 6, 0, 8, 9, 0, 11, 12]
50 196 35.00% votes=[0, 11, 0, 21, 26, 0, 0, 41, 46, 51] electors=[0, 4, 0, 6, 7, 0, 0, 10, 11, 12]
50 196 35.00% votes=[0, 11, 16, 0, 0, 31, 0, 41, 46, 51] electors=[0, 4, 5, 0, 0, 8, 0, 10, 11, 12]
50 196 35.00% votes=[6, 0, 0, 0, 26, 31, 36, 0, 46, 51] electors=[3, 0, 0, 0, 7, 8, 9, 0, 11, 12]
50 196 35.00% votes=[6, 0, 0, 21, 0, 31, 0, 41, 46, 51] electors=[3, 0, 0, 6, 0, 8, 0, 10, 11, 12]
50 196 35.00% votes=[6, 0, 16, 0, 0, 0, 36, 41, 46, 51] electors=[3, 0, 5, 0, 0, 0, 9, 10, 11, 12]
52 197 35.18% votes=[0, 11, 16, 21, 26, 0, 36, 41, 46, 0] electors=[0, 4, 5, 6, 7, 0, 9, 10, 11, 0]
52 197 35.18% votes=[0, 11, 16, 21, 26, 31, 0, 41, 0, 51] electors=[0, 4, 5, 6, 7, 8, 0, 10, 0, 12]
52 197 35.18% votes=[6, 0, 16, 21, 0, 31, 36, 41, 46, 0] electors=[3, 0, 5, 6, 0, 8, 9, 10, 11, 0]
52 197 35.18% votes=[6, 0, 16, 21, 26, 0, 36, 41, 0, 51] electors=[3, 0, 5, 6, 7, 0, 9, 10, 0, 12]
52 197 35.18% votes=[6, 0, 16, 21, 26, 31, 0, 0, 46, 51] electors=[3, 0, 5, 6, 7, 8, 0, 0, 11, 12]
52 197 35.18% votes=[6, 11, 0, 0, 26, 31, 36, 41, 46, 0] electors=[3, 4, 0, 0, 7, 8, 9, 10, 11, 0]
52 197 35.18% votes=[6, 11, 0, 21, 0, 31, 36, 41, 0, 51] electors=[3, 4, 0, 6, 0, 8, 9, 10, 0, 12]
52 197 35.18% votes=[6, 11, 0, 21, 26, 0, 36, 0, 46, 51] electors=[3, 4, 0, 6, 7, 0, 9, 0, 11, 12]
52 197 35.18% votes=[6, 11, 16, 0, 0, 31, 36, 0, 46, 51] electors=[3, 4, 5, 0, 0, 8, 9, 0, 11, 12]
52 197 35.18% votes=[6, 11, 16, 0, 26, 0, 0, 41, 46, 51] electors=[3, 4, 5, 0, 7, 0, 0, 10, 11, 12]
54 198 35.36% votes=[6, 11, 16, 21, 26, 31, 0, 41, 46, 0] electors=[3, 4, 5, 6, 7, 8, 0, 10, 11, 0]
54 198 35.36% votes=[6, 11, 16, 21, 26, 31, 36, 0, 0, 51] electors=[3, 4, 5, 6, 7, 8, 9, 0, 0, 12]
49 200 35.71% votes=[0, 0, 0, 0, 26, 0, 36, 41, 46, 51] electors=[0, 0, 0, 0, 7, 0, 9, 10, 11, 12]
51 201 35.89% votes=[0, 0, 0, 21, 26, 31, 36, 41, 46, 0] electors=[0, 0, 0, 6, 7, 8, 9, 10, 11, 0]
51 201 35.89% votes=[0, 0, 16, 0, 26, 31, 36, 41, 0, 51] electors=[0, 0, 5, 0, 7, 8, 9, 10, 0, 12]
51 201 35.89% votes=[0, 0, 16, 21, 0, 31, 36, 0, 46, 51] electors=[0, 0, 5, 6, 0, 8, 9, 0, 11, 12]
51 201 35.89% votes=[0, 0, 16, 21, 26, 0, 0, 41, 46, 51] electors=[0, 0, 5, 6, 7, 0, 0, 10, 11, 12]
51 201 35.89% votes=[0, 11, 0, 0, 26, 31, 36, 0, 46, 51] electors=[0, 4, 0, 0, 7, 8, 9, 0, 11, 12]
51 201 35.89% votes=[0, 11, 0, 21, 0, 31, 0, 41, 46, 51] electors=[0, 4, 0, 6, 0, 8, 0, 10, 11, 12]
51 201 35.89% votes=[0, 11, 16, 0, 0, 0, 36, 41, 46, 51] electors=[0, 4, 5, 0, 0, 0, 9, 10, 11, 12]
51 201 35.89% votes=[6, 0, 0, 0, 26, 31, 0, 41, 46, 51] electors=[3, 0, 0, 0, 7, 8, 0, 10, 11, 12]
51 201 35.89% votes=[6, 0, 0, 21, 0, 0, 36, 41, 46, 51] electors=[3, 0, 0, 6, 0, 0, 9, 10, 11, 12]
53 202 36.07% votes=[0, 11, 16, 21, 0, 31, 36, 41, 46, 0] electors=[0, 4, 5, 6, 0, 8, 9, 10, 11, 0]
53 202 36.07% votes=[0, 11, 16, 21, 26, 0, 36, 41, 0, 51] electors=[0, 4, 5, 6, 7, 0, 9, 10, 0, 12]
53 202 36.07% votes=[0, 11, 16, 21, 26, 31, 0, 0, 46, 51] electors=[0, 4, 5, 6, 7, 8, 0, 0, 11, 12]
53 202 36.07% votes=[6, 0, 16, 0, 26, 31, 36, 41, 46, 0] electors=[3, 0, 5, 0, 7, 8, 9, 10, 11, 0]
53 202 36.07% votes=[6, 0, 16, 21, 0, 31, 36, 41, 0, 51] electors=[3, 0, 5, 6, 0, 8, 9, 10, 0, 12]
53 202 36.07% votes=[6, 0, 16, 21, 26, 0, 36, 0, 46, 51] electors=[3, 0, 5, 6, 7, 0, 9, 0, 11, 12]
53 202 36.07% votes=[6, 11, 0, 0, 26, 31, 36, 41, 0, 51] electors=[3, 4, 0, 0, 7, 8, 9, 10, 0, 12]
53 202 36.07% votes=[6, 11, 0, 21, 0, 31, 36, 0, 46, 51] electors=[3, 4, 0, 6, 0, 8, 9, 0, 11, 12]
53 202 36.07% votes=[6, 11, 0, 21, 26, 0, 0, 41, 46, 51] electors=[3, 4, 0, 6, 7, 0, 0, 10, 11, 12]
53 202 36.07% votes=[6, 11, 16, 0, 0, 31, 0, 41, 46, 51] electors=[3, 4, 5, 0, 0, 8, 0, 10, 11, 12]
55 203 36.25% votes=[6, 11, 16, 21, 26, 0, 36, 41, 46, 0] electors=[3, 4, 5, 6, 7, 0, 9, 10, 11, 0]
55 203 36.25% votes=[6, 11, 16, 21, 26, 31, 0, 41, 0, 51] electors=[3, 4, 5, 6, 7, 8, 0, 10, 0, 12]
50 205 36.61% votes=[0, 0, 0, 0, 0, 31, 36, 41, 46, 51] electors=[0, 0, 0, 0, 0, 8, 9, 10, 11, 12]
52 206 36.79% votes=[0, 0, 0, 21, 26, 31, 36, 41, 0, 51] electors=[0, 0, 0, 6, 7, 8, 9, 10, 0, 12]
52 206 36.79% votes=[0, 0, 16, 0, 26, 31, 36, 0, 46, 51] electors=[0, 0, 5, 0, 7, 8, 9, 0, 11, 12]
52 206 36.79% votes=[0, 0, 16, 21, 0, 31, 0, 41, 46, 51] electors=[0, 0, 5, 6, 0, 8, 0, 10, 11, 12]
52 206 36.79% votes=[0, 11, 0, 0, 26, 31, 0, 41, 46, 51] electors=[0, 4, 0, 0, 7, 8, 0, 10, 11, 12]
52 206 36.79% votes=[0, 11, 0, 21, 0, 0, 36, 41, 46, 51] electors=[0, 4, 0, 6, 0, 0, 9, 10, 11, 12]
52 206 36.79% votes=[6, 0, 0, 0, 26, 0, 36, 41, 46, 51] electors=[3, 0, 0, 0, 7, 0, 9, 10, 11, 12]
54 207 36.96% votes=[0, 11, 16, 0, 26, 31, 36, 41, 46, 0] electors=[0, 4, 5, 0, 7, 8, 9, 10, 11, 0]
54 207 36.96% votes=[0, 11, 16, 21, 0, 31, 36, 41, 0, 51] electors=[0, 4, 5, 6, 0, 8, 9, 10, 0, 12]
54 207 36.96% votes=[0, 11, 16, 21, 26, 0, 36, 0, 46, 51] electors=[0, 4, 5, 6, 7, 0, 9, 0, 11, 12]
54 207 36.96% votes=[6, 0, 0, 21, 26, 31, 36, 41, 46, 0] electors=[3, 0, 0, 6, 7, 8, 9, 10, 11, 0]
54 207 36.96% votes=[6, 0, 16, 0, 26, 31, 36, 41, 0, 51] electors=[3, 0, 5, 0, 7, 8, 9, 10, 0, 12]
54 207 36.96% votes=[6, 0, 16, 21, 0, 31, 36, 0, 46, 51] electors=[3, 0, 5, 6, 0, 8, 9, 0, 11, 12]
54 207 36.96% votes=[6, 0, 16, 21, 26, 0, 0, 41, 46, 51] electors=[3, 0, 5, 6, 7, 0, 0, 10, 11, 12]
54 207 36.96% votes=[6, 11, 0, 0, 26, 31, 36, 0, 46, 51] electors=[3, 4, 0, 0, 7, 8, 9, 0, 11, 12]
54 207 36.96% votes=[6, 11, 0, 21, 0, 31, 0, 41, 46, 51] electors=[3, 4, 0, 6, 0, 8, 0, 10, 11, 12]
54 207 36.96% votes=[6, 11, 16, 0, 0, 0, 36, 41, 46, 51] electors=[3, 4, 5, 0, 0, 0, 9, 10, 11, 12]
56 208 37.14% votes=[6, 11, 16, 21, 0, 31, 36, 41, 46, 0] electors=[3, 4, 5, 6, 0, 8, 9, 10, 11, 0]
56 208 37.14% votes=[6, 11, 16, 21, 26, 0, 36, 41, 0, 51] electors=[3, 4, 5, 6, 7, 0, 9, 10, 0, 12]
56 208 37.14% votes=[6, 11, 16, 21, 26, 31, 0, 0, 46, 51] electors=[3, 4, 5, 6, 7, 8, 0, 0, 11, 12]
53 211 37.68% votes=[0, 0, 0, 21, 26, 31, 36, 0, 46, 51] electors=[0, 0, 0, 6, 7, 8, 9, 0, 11, 12]
53 211 37.68% votes=[0, 0, 16, 0, 26, 31, 0, 41, 46, 51] electors=[0, 0, 5, 0, 7, 8, 0, 10, 11, 12]
53 211 37.68% votes=[0, 0, 16, 21, 0, 0, 36, 41, 46, 51] electors=[0, 0, 5, 6, 0, 0, 9, 10, 11, 12]
53 211 37.68% votes=[0, 11, 0, 0, 26, 0, 36, 41, 46, 51] electors=[0, 4, 0, 0, 7, 0, 9, 10, 11, 12]
53 211 37.68% votes=[6, 0, 0, 0, 0, 31, 36, 41, 46, 51] electors=[3, 0, 0, 0, 0, 8, 9, 10, 11, 12]
55 212 37.86% votes=[0, 11, 0, 21, 26, 31, 36, 41, 46, 0] electors=[0, 4, 0, 6, 7, 8, 9, 10, 11, 0]
55 212 37.86% votes=[0, 11, 16, 0, 26, 31, 36, 41, 0, 51] electors=[0, 4, 5, 0, 7, 8, 9, 10, 0, 12]
55 212 37.86% votes=[0, 11, 16, 21, 0, 31, 36, 0, 46, 51] electors=[0, 4, 5, 6, 0, 8, 9, 0, 11, 12]
55 212 37.86% votes=[0, 11, 16, 21, 26, 0, 0, 41, 46, 51] electors=[0, 4, 5, 6, 7, 0, 0, 10, 11, 12]
55 212 37.86% votes=[6, 0, 0, 21, 26, 31, 36, 41, 0, 51] electors=[3, 0, 0, 6, 7, 8, 9, 10, 0, 12]
55 212 37.86% votes=[6, 0, 16, 0, 26, 31, 36, 0, 46, 51] electors=[3, 0, 5, 0, 7, 8, 9, 0, 11, 12]
55 212 37.86% votes=[6, 0, 16, 21, 0, 31, 0, 41, 46, 51] electors=[3, 0, 5, 6, 0, 8, 0, 10, 11, 12]
55 212 37.86% votes=[6, 11, 0, 0, 26, 31, 0, 41, 46, 51] electors=[3, 4, 0, 0, 7, 8, 0, 10, 11, 12]
55 212 37.86% votes=[6, 11, 0, 21, 0, 0, 36, 41, 46, 51] electors=[3, 4, 0, 6, 0, 0, 9, 10, 11, 12]
57 213 38.04% votes=[6, 11, 16, 0, 26, 31, 36, 41, 46, 0] electors=[3, 4, 5, 0, 7, 8, 9, 10, 11, 0]
57 213 38.04% votes=[6, 11, 16, 21, 0, 31, 36, 41, 0, 51] electors=[3, 4, 5, 6, 0, 8, 9, 10, 0, 12]
57 213 38.04% votes=[6, 11, 16, 21, 26, 0, 36, 0, 46, 51] electors=[3, 4, 5, 6, 7, 0, 9, 0, 11, 12]
54 216 38.57% votes=[0, 0, 0, 21, 26, 31, 0, 41, 46, 51] electors=[0, 0, 0, 6, 7, 8, 0, 10, 11, 12]
54 216 38.57% votes=[0, 0, 16, 0, 26, 0, 36, 41, 46, 51] electors=[0, 0, 5, 0, 7, 0, 9, 10, 11, 12]
54 216 38.57% votes=[0, 11, 0, 0, 0, 31, 36, 41, 46, 51] electors=[0, 4, 0, 0, 0, 8, 9, 10, 11, 12]
56 217 38.75% votes=[0, 0, 16, 21, 26, 31, 36, 41, 46, 0] electors=[0, 0, 5, 6, 7, 8, 9, 10, 11, 0]
56 217 38.75% votes=[0, 11, 0, 21, 26, 31, 36, 41, 0, 51] electors=[0, 4, 0, 6, 7, 8, 9, 10, 0, 12]
56 217 38.75% votes=[0, 11, 16, 0, 26, 31, 36, 0, 46, 51] electors=[0, 4, 5, 0, 7, 8, 9, 0, 11, 12]
56 217 38.75% votes=[0, 11, 16, 21, 0, 31, 0, 41, 46, 51] electors=[0, 4, 5, 6, 0, 8, 0, 10, 11, 12]
56 217 38.75% votes=[6, 0, 0, 21, 26, 31, 36, 0, 46, 51] electors=[3, 0, 0, 6, 7, 8, 9, 0, 11, 12]
56 217 38.75% votes=[6, 0, 16, 0, 26, 31, 0, 41, 46, 51] electors=[3, 0, 5, 0, 7, 8, 0, 10, 11, 12]
56 217 38.75% votes=[6, 0, 16, 21, 0, 0, 36, 41, 46, 51] electors=[3, 0, 5, 6, 0, 0, 9, 10, 11, 12]
56 217 38.75% votes=[6, 11, 0, 0, 26, 0, 36, 41, 46, 51] electors=[3, 4, 0, 0, 7, 0, 9, 10, 11, 12]
58 218 38.93% votes=[6, 11, 0, 21, 26, 31, 36, 41, 46, 0] electors=[3, 4, 0, 6, 7, 8, 9, 10, 11, 0]
58 218 38.93% votes=[6, 11, 16, 0, 26, 31, 36, 41, 0, 51] electors=[3, 4, 5, 0, 7, 8, 9, 10, 0, 12]
58 218 38.93% votes=[6, 11, 16, 21, 0, 31, 36, 0, 46, 51] electors=[3, 4, 5, 6, 0, 8, 9, 0, 11, 12]
58 218 38.93% votes=[6, 11, 16, 21, 26, 0, 0, 41, 46, 51] electors=[3, 4, 5, 6, 7, 0, 0, 10, 11, 12]
55 221 39.46% votes=[0, 0, 0, 21, 26, 0, 36, 41, 46, 51] electors=[0, 0, 0, 6, 7, 0, 9, 10, 11, 12]
55 221 39.46% votes=[0, 0, 16, 0, 0, 31, 36, 41, 46, 51] electors=[0, 0, 5, 0, 0, 8, 9, 10, 11, 12]
57 222 39.64% votes=[0, 0, 16, 21, 26, 31, 36, 41, 0, 51] electors=[0, 0, 5, 6, 7, 8, 9, 10, 0, 12]
57 222 39.64% votes=[0, 11, 0, 21, 26, 31, 36, 0, 46, 51] electors=[0, 4, 0, 6, 7, 8, 9, 0, 11, 12]
57 222 39.64% votes=[0, 11, 16, 0, 26, 31, 0, 41, 46, 51] electors=[0, 4, 5, 0, 7, 8, 0, 10, 11, 12]
57 222 39.64% votes=[0, 11, 16, 21, 0, 0, 36, 41, 46, 51] electors=[0, 4, 5, 6, 0, 0, 9, 10, 11, 12]
57 222 39.64% votes=[6, 0, 0, 21, 26, 31, 0, 41, 46, 51] electors=[3, 0, 0, 6, 7, 8, 0, 10, 11, 12]
57 222 39.64% votes=[6, 0, 16, 0, 26, 0, 36, 41, 46, 51] electors=[3, 0, 5, 0, 7, 0, 9, 10, 11, 12]
57 222 39.64% votes=[6, 11, 0, 0, 0, 31, 36, 41, 46, 51] electors=[3, 4, 0, 0, 0, 8, 9, 10, 11, 12]
59 223 39.82% votes=[6, 0, 16, 21, 26, 31, 36, 41, 46, 0] electors=[3, 0, 5, 6, 7, 8, 9, 10, 11, 0]
59 223 39.82% votes=[6, 11, 0, 21, 26, 31, 36, 41, 0, 51] electors=[3, 4, 0, 6, 7, 8, 9, 10, 0, 12]
59 223 39.82% votes=[6, 11, 16, 0, 26, 31, 36, 0, 46, 51] electors=[3, 4, 5, 0, 7, 8, 9, 0, 11, 12]
59 223 39.82% votes=[6, 11, 16, 21, 0, 31, 0, 41, 46, 51] electors=[3, 4, 5, 6, 0, 8, 0, 10, 11, 12]
56 226 40.36% votes=[0, 0, 0, 21, 0, 31, 36, 41, 46, 51] electors=[0, 0, 0, 6, 0, 8, 9, 10, 11, 12]
58 227 40.54% votes=[0, 0, 16, 21, 26, 31, 36, 0, 46, 51] electors=[0, 0, 5, 6, 7, 8, 9, 0, 11, 12]
58 227 40.54% votes=[0, 11, 0, 21, 26, 31, 0, 41, 46, 51] electors=[0, 4, 0, 6, 7, 8, 0, 10, 11, 12]
58 227 40.54% votes=[0, 11, 16, 0, 26, 0, 36, 41, 46, 51] electors=[0, 4, 5, 0, 7, 0, 9, 10, 11, 12]
58 227 40.54% votes=[6, 0, 0, 21, 26, 0, 36, 41, 46, 51] electors=[3, 0, 0, 6, 7, 0, 9, 10, 11, 12]
58 227 40.54% votes=[6, 0, 16, 0, 0, 31, 36, 41, 46, 51] electors=[3, 0, 5, 0, 0, 8, 9, 10, 11, 12]
60 228 40.71% votes=[0, 11, 16, 21, 26, 31, 36, 41, 46, 0] electors=[0, 4, 5, 6, 7, 8, 9, 10, 11, 0]
60 228 40.71% votes=[6, 0, 16, 21, 26, 31, 36, 41, 0, 51] electors=[3, 0, 5, 6, 7, 8, 9, 10, 0, 12]
60 228 40.71% votes=[6, 11, 0, 21, 26, 31, 36, 0, 46, 51] electors=[3, 4, 0, 6, 7, 8, 9, 0, 11, 12]
60 228 40.71% votes=[6, 11, 16, 0, 26, 31, 0, 41, 46, 51] electors=[3, 4, 5, 0, 7, 8, 0, 10, 11, 12]
60 228 40.71% votes=[6, 11, 16, 21, 0, 0, 36, 41, 46, 51] electors=[3, 4, 5, 6, 0, 0, 9, 10, 11, 12]
57 231 41.25% votes=[0, 0, 0, 0, 26, 31, 36, 41, 46, 51] electors=[0, 0, 0, 0, 7, 8, 9, 10, 11, 12]
59 232 41.43% votes=[0, 0, 16, 21, 26, 31, 0, 41, 46, 51] electors=[0, 0, 5, 6, 7, 8, 0, 10, 11, 12]
59 232 41.43% votes=[0, 11, 0, 21, 26, 0, 36, 41, 46, 51] electors=[0, 4, 0, 6, 7, 0, 9, 10, 11, 12]
59 232 41.43% votes=[0, 11, 16, 0, 0, 31, 36, 41, 46, 51] electors=[0, 4, 5, 0, 0, 8, 9, 10, 11, 12]
59 232 41.43% votes=[6, 0, 0, 21, 0, 31, 36, 41, 46, 51] electors=[3, 0, 0, 6, 0, 8, 9, 10, 11, 12]
61 233 41.61% votes=[0, 11, 16, 21, 26, 31, 36, 41, 0, 51] electors=[0, 4, 5, 6, 7, 8, 9, 10, 0, 12]
61 233 41.61% votes=[6, 0, 16, 21, 26, 31, 36, 0, 46, 51] electors=[3, 0, 5, 6, 7, 8, 9, 0, 11, 12]
61 233 41.61% votes=[6, 11, 0, 21, 26, 31, 0, 41, 46, 51] electors=[3, 4, 0, 6, 7, 8, 0, 10, 11, 12]
61 233 41.61% votes=[6, 11, 16, 0, 26, 0, 36, 41, 46, 51] electors=[3, 4, 5, 0, 7, 0, 9, 10, 11, 12]
63 234 41.79% votes=[6, 11, 16, 21, 26, 31, 36, 41, 46, 0] electors=[3, 4, 5, 6, 7, 8, 9, 10, 11, 0]
60 237 42.32% votes=[0, 0, 16, 21, 26, 0, 36, 41, 46, 51] electors=[0, 0, 5, 6, 7, 0, 9, 10, 11, 12]
60 237 42.32% votes=[0, 11, 0, 21, 0, 31, 36, 41, 46, 51] electors=[0, 4, 0, 6, 0, 8, 9, 10, 11, 12]
60 237 42.32% votes=[6, 0, 0, 0, 26, 31, 36, 41, 46, 51] electors=[3, 0, 0, 0, 7, 8, 9, 10, 11, 12]
62 238 42.50% votes=[0, 11, 16, 21, 26, 31, 36, 0, 46, 51] electors=[0, 4, 5, 6, 7, 8, 9, 0, 11, 12]
62 238 42.50% votes=[6, 0, 16, 21, 26, 31, 0, 41, 46, 51] electors=[3, 0, 5, 6, 7, 8, 0, 10, 11, 12]
62 238 42.50% votes=[6, 11, 0, 21, 26, 0, 36, 41, 46, 51] electors=[3, 4, 0, 6, 7, 0, 9, 10, 11, 12]
62 238 42.50% votes=[6, 11, 16, 0, 0, 31, 36, 41, 46, 51] electors=[3, 4, 5, 0, 0, 8, 9, 10, 11, 12]
64 239 42.68% votes=[6, 11, 16, 21, 26, 31, 36, 41, 0, 51] electors=[3, 4, 5, 6, 7, 8, 9, 10, 0, 12]
61 242 43.21% votes=[0, 0, 16, 21, 0, 31, 36, 41, 46, 51] electors=[0, 0, 5, 6, 0, 8, 9, 10, 11, 12]
61 242 43.21% votes=[0, 11, 0, 0, 26, 31, 36, 41, 46, 51] electors=[0, 4, 0, 0, 7, 8, 9, 10, 11, 12]
63 243 43.39% votes=[0, 11, 16, 21, 26, 31, 0, 41, 46, 51] electors=[0, 4, 5, 6, 7, 8, 0, 10, 11, 12]
63 243 43.39% votes=[6, 0, 16, 21, 26, 0, 36, 41, 46, 51] electors=[3, 0, 5, 6, 7, 0, 9, 10, 11, 12]
63 243 43.39% votes=[6, 11, 0, 21, 0, 31, 36, 41, 46, 51] electors=[3, 4, 0, 6, 0, 8, 9, 10, 11, 12]
65 244 43.57% votes=[6, 11, 16, 21, 26, 31, 36, 0, 46, 51] electors=[3, 4, 5, 6, 7, 8, 9, 0, 11, 12]
62 247 44.11% votes=[0, 0, 16, 0, 26, 31, 36, 41, 46, 51] electors=[0, 0, 5, 0, 7, 8, 9, 10, 11, 12]
64 248 44.29% votes=[0, 11, 16, 21, 26, 0, 36, 41, 46, 51] electors=[0, 4, 5, 6, 7, 0, 9, 10, 11, 12]
64 248 44.29% votes=[6, 0, 16, 21, 0, 31, 36, 41, 46, 51] electors=[3, 0, 5, 6, 0, 8, 9, 10, 11, 12]
64 248 44.29% votes=[6, 11, 0, 0, 26, 31, 36, 41, 46, 51] electors=[3, 4, 0, 0, 7, 8, 9, 10, 11, 12]
66 249 44.46% votes=[6, 11, 16, 21, 26, 31, 0, 41, 46, 51] electors=[3, 4, 5, 6, 7, 8, 0, 10, 11, 12]
63 252 45.00% votes=[0, 0, 0, 21, 26, 31, 36, 41, 46, 51] electors=[0, 0, 0, 6, 7, 8, 9, 10, 11, 12]
65 253 45.18% votes=[0, 11, 16, 21, 0, 31, 36, 41, 46, 51] electors=[0, 4, 5, 6, 0, 8, 9, 10, 11, 12]
65 253 45.18% votes=[6, 0, 16, 0, 26, 31, 36, 41, 46, 51] electors=[3, 0, 5, 0, 7, 8, 9, 10, 11, 12]
67 254 45.36% votes=[6, 11, 16, 21, 26, 0, 36, 41, 46, 51] electors=[3, 4, 5, 6, 7, 0, 9, 10, 11, 12]
66 258 46.07% votes=[0, 11, 16, 0, 26, 31, 36, 41, 46, 51] electors=[0, 4, 5, 0, 7, 8, 9, 10, 11, 12]
66 258 46.07% votes=[6, 0, 0, 21, 26, 31, 36, 41, 46, 51] electors=[3, 0, 0, 6, 7, 8, 9, 10, 11, 12]
68 259 46.25% votes=[6, 11, 16, 21, 0, 31, 36, 41, 46, 51] electors=[3, 4, 5, 6, 0, 8, 9, 10, 11, 12]
67 263 46.96% votes=[0, 11, 0, 21, 26, 31, 36, 41, 46, 51] electors=[0, 4, 0, 6, 7, 8, 9, 10, 11, 12]
69 264 47.14% votes=[6, 11, 16, 0, 26, 31, 36, 41, 46, 51] electors=[3, 4, 5, 0, 7, 8, 9, 10, 11, 12]
68 268 47.86% votes=[0, 0, 16, 21, 26, 31, 36, 41, 46, 51] electors=[0, 0, 5, 6, 7, 8, 9, 10, 11, 12]
70 269 48.04% votes=[6, 11, 0, 21, 26, 31, 36, 41, 46, 51] electors=[3, 4, 0, 6, 7, 8, 9, 10, 11, 12]
71 274 48.93% votes=[6, 0, 16, 21, 26, 31, 36, 41, 46, 51] electors=[3, 0, 5, 6, 7, 8, 9, 10, 11, 12]
72 279 49.82% votes=[0, 11, 16, 21, 26, 31, 36, 41, 46, 51] electors=[0, 4, 5, 6, 7, 8, 9, 10, 11, 12]
75 285 50.89% votes=[6, 11, 16, 21, 26, 31, 36, 41, 46, 51] electors=[3, 4, 5, 6, 7, 8, 9, 10, 11, 12]
